Starting django_rog as rogin
[2019-01-20 06:55:31 +0000] [13900] [INFO] Starting gunicorn 19.7.1
[2019-01-20 06:55:31 +0000] [13900] [INFO] Listening at: http://127.0.0.1:8000 (13900)
[2019-01-20 06:55:31 +0000] [13900] [INFO] Using worker: sync
[2019-01-20 06:55:31 +0000] [13906] [INFO] Booting worker with pid: 13906
Not Found: /favicon.ico
[2019-01-20 07:30:35 +0000] [13900] [CRITICAL] WORKER TIMEOUT (pid:13906)
[2019-01-20 02:00:35 +0000] [13906] [INFO] Worker exiting (pid: 13906)
[2019-01-20 07:30:35 +0000] [15292] [INFO] Booting worker with pid: 15292
[2019-01-20 08:10:57 +0000] [13900] [INFO] Handling signal: term
[2019-01-20 02:40:57 +0000] [15292] [INFO] Worker exiting (pid: 15292)
[2019-01-20 08:10:57 +0000] [13900] [INFO] Shutting down: Master
Starting django_rog as rogin
[2019-01-20 08:49:57 +0000] [17105] [INFO] Starting gunicorn 19.7.1
[2019-01-20 08:49:57 +0000] [17105] [INFO] Listening at: http://127.0.0.1:8000 (17105)
[2019-01-20 08:49:57 +0000] [17105] [INFO] Using worker: sync
[2019-01-20 08:49:57 +0000] [17111] [INFO] Booting worker with pid: 17111
[2019-01-20 08:50:37 +0000] [17105] [CRITICAL] WORKER TIMEOUT (pid:17111)
[2019-01-20 03:20:37 +0000] [17111] [INFO] Worker exiting (pid: 17111)
[2019-01-20 08:50:37 +0000] [17130] [INFO] Booting worker with pid: 17130
[2019-01-20 08:54:57 +0000] [17105] [CRITICAL] WORKER TIMEOUT (pid:17130)
[2019-01-20 03:24:57 +0000] [17130] [INFO] Worker exiting (pid: 17130)
[2019-01-20 08:54:57 +0000] [17204] [INFO] Booting worker with pid: 17204
[2019-01-20 10:08:09 +0000] [17105] [INFO] Handling signal: term
[2019-01-20 04:38:09 +0000] [17204] [INFO] Worker exiting (pid: 17204)
[2019-01-20 10:08:09 +0000] [17105] [INFO] Shutting down: Master
